[debug] [2025-10-16T13:54:23.910Z] ----------------------------------------------------------------------
[debug] [2025-10-16T13:54:23.912Z] Command:       C:\Program Files\nodejs\node.exe C:\Users\Arshad\AppData\Roaming\npm\node_modules\firebase-tools\lib\bin\firebase.js init
[debug] [2025-10-16T13:54:23.912Z] CLI Version:   14.20.0
[debug] [2025-10-16T13:54:23.912Z] Platform:      win32
[debug] [2025-10-16T13:54:23.912Z] Node Version:  v22.14.0
[debug] [2025-10-16T13:54:23.912Z] Time:          Thu Oct 16 2025 19:54:23 GMT+0600 (Bangladesh Standard Time)
[debug] [2025-10-16T13:54:23.912Z] ----------------------------------------------------------------------
[debug] 
[info] 
     ######## #### ########  ######## ########     ###     ######  ########
     ##        ##  ##     ## ##       ##     ##  ##   ##  ##       ##
     ######    ##  ########  ######   ########  #########  ######  ######
     ##        ##  ##    ##  ##       ##     ## ##     ##       ## ##
     ##       #### ##     ## ######## ########  ##     ##  ######  ########

You're about to initialize a Firebase project in this directory:

  C:\Users\Arshad\Documents\Code\product-management-app

[debug] [2025-10-16T13:54:58.195Z] ExitPromptError: User force closed the prompt with SIGINT
    at Interface.sigint (C:\Users\Arshad\AppData\Roaming\npm\node_modules\firebase-tools\node_modules\@inquirer\core\dist\commonjs\lib\create-prompt.js:101:37)
    at Interface.emit (node:events:518:28)
    at Interface.emit (node:domain:489:12)
    at [_ttyWrite] [as _ttyWrite] (node:internal/readline/interface:1124:18)
    at ReadStream.onkeypress (node:internal/readline/interface:263:20)
    at ReadStream.emit (node:events:530:35)
    at ReadStream.emit (node:domain:489:12)
    at emitKeys (node:internal/readline/utils:370:14)
    at emitKeys.next (<anonymous>)
    at ReadStream.onData (node:internal/readline/emitKeypressEvents:64:36)
[error] 
[error] Error: An unexpected error has occurred.
